<?xml version="1.0" encoding="UTF-8"?>
<!-- Generated by org.testng.reporters.JUnitReportReporter -->
<testsuite hostname="DELL-PC" name="android.workpulsetask.index.NotepadIndex" tests="2" failures="2" timestamp="21 Sep 2018 10:00:54 GMT" time="215.277" errors="0">
  <testcase name="changebackgroundcolor" time="97.033" classname="android.workpulsetask.index.NotepadIndex">
    <failure type="org.openqa.selenium.NoSuchElementException" message="An element could not be located on the page using the given search parameters. (WARNING: The server did not provide any stacktrace information)
Command duration or timeout: 20.20 seconds
For documentation on this error, please visit: http://seleniumhq.org/exceptions/no_such_element.html
Build info: version: &#039;2.46.0&#039;, revision: &#039;61506a4624b13675f24581e453592342b7485d71&#039;, time: &#039;2015-06-04 10:22:50&#039;
System info: host: &#039;DELL-PC&#039;, ip: &#039;192.168.1.149&#039;, os.name: &#039;Windows 7&#039;, os.arch: &#039;amd64&#039;, os.version: &#039;6.1&#039;, java.version: &#039;1.8.0-ea&#039;
Driver info: io.appium.java_client.android.AndroidDriver
Capabilities [{appPackage=in.redbus.android, noReset=false, deviceName=HKE6GZ7D, platform=LINUX, deviceUDID=HKE6GZ7D, desired={app=D:\vipul\Mobile_automation\Workpulse_Automation_TestNG\app\redBus Online Bus Ticket Booking Hotel Booking_v6.6.5_apkpure.com.apk, noReset=false, newCommandTimeout=600, platformVersion=6.0, autoGrantPermissions=true, unicodeKeyboard=true, platformName=Android, deviceName=TA09407DYT, resetKeyboard=true}, newCommandTimeout=600, platformVersion=6.0, webStorageEnabled=false, takesScreenshot=true, javascriptEnabled=true, unicodeKeyboard=true, platformName=Android, deviceManufacturer=motorola, resetKeyboard=true, app=D:\vipul\Mobile_automation\Workpulse_Automation_TestNG\app\redBus Online Bus Ticket Booking Hotel Booking_v6.6.5_apkpure.com.apk, deviceScreenSize=720x1280, networkConnectionEnabled=true, warnings={}, appWaitPackage=in.redbus.android, appWaitActivity=in.redbus.android.root.SplashScreen, databaseEnabled=false, appActivity=in.redbus.android.root.SplashScreen, locationContextEnabled=false, autoGrantPermissions=true, deviceModel=XT1700}]
Session ID: 402143a9-e8cd-4695-b20e-e726f48c39c7
*** Element info: {Using=id, value=ru.andrey.notepad:id/button4}">
      <![CDATA[org.openqa.selenium.NoSuchElementException: An element could not be located on the page using the given search parameters. (WARNING: The server did not provide any stacktrace information)
Command duration or timeout: 20.20 seconds
For documentation on this error, please visit: http://seleniumhq.org/exceptions/no_such_element.html
Build info: version: '2.46.0', revision: '61506a4624b13675f24581e453592342b7485d71', time: '2015-06-04 10:22:50'
System info: host: 'DELL-PC', ip: '192.168.1.149', os.name: 'Windows 7', os.arch: 'amd64', os.version: '6.1', java.version: '1.8.0-ea'
Driver info: io.appium.java_client.android.AndroidDriver
Capabilities [{appPackage=in.redbus.android, noReset=false, deviceName=HKE6GZ7D, platform=LINUX, deviceUDID=HKE6GZ7D, desired={app=D:\vipul\Mobile_automation\Workpulse_Automation_TestNG\app\redBus Online Bus Ticket Booking Hotel Booking_v6.6.5_apkpure.com.apk, noReset=false, newCommandTimeout=600, platformVersion=6.0, autoGrantPermissions=true, unicodeKeyboard=true, platformName=Android, deviceName=TA09407DYT, resetKeyboard=true}, newCommandTimeout=600, platformVersion=6.0, webStorageEnabled=false, takesScreenshot=true, javascriptEnabled=true, unicodeKeyboard=true, platformName=Android, deviceManufacturer=motorola, resetKeyboard=true, app=D:\vipul\Mobile_automation\Workpulse_Automation_TestNG\app\redBus Online Bus Ticket Booking Hotel Booking_v6.6.5_apkpure.com.apk, deviceScreenSize=720x1280, networkConnectionEnabled=true, warnings={}, appWaitPackage=in.redbus.android, appWaitActivity=in.redbus.android.root.SplashScreen, databaseEnabled=false, appActivity=in.redbus.android.root.SplashScreen, locationContextEnabled=false, autoGrantPermissions=true, deviceModel=XT1700}]
Session ID: 402143a9-e8cd-4695-b20e-e726f48c39c7
*** Element info: {Using=id, value=ru.andrey.notepad:id/button4}
	at sun.reflect.NativeConstructorAccessorImpl.newInstance0(Native Method)
	at sun.reflect.NativeConstructorAccessorImpl.newInstance(NativeConstructorAccessorImpl.java:57)
	at sun.reflect.DelegatingConstructorAccessorImpl.newInstance(DelegatingConstructorAccessorImpl.java:45)
	at java.lang.reflect.Constructor.newInstance(Constructor.java:406)
	at org.openqa.selenium.remote.ErrorHandler.createThrowable(ErrorHandler.java:204)
	at org.openqa.selenium.remote.ErrorHandler.throwIfResponseFailed(ErrorHandler.java:156)
	at org.openqa.selenium.remote.RemoteWebDriver.execute(RemoteWebDriver.java:605)
	at io.appium.java_client.DefaultGenericMobileDriver.execute(DefaultGenericMobileDriver.java:27)
	at io.appium.java_client.AppiumDriver.execute(AppiumDriver.java:1)
	at io.appium.java_client.android.AndroidDriver.execute(AndroidDriver.java:1)
	at org.openqa.selenium.remote.RemoteWebDriver.findElement(RemoteWebDriver.java:358)
	at org.openqa.selenium.remote.RemoteWebDriver.findElementById(RemoteWebDriver.java:399)
	at io.appium.java_client.DefaultGenericMobileDriver.findElementById(DefaultGenericMobileDriver.java:47)
	at io.appium.java_client.AppiumDriver.findElementById(AppiumDriver.java:1)
	at io.appium.java_client.android.AndroidDriver.findElementById(AndroidDriver.java:1)
	at org.openqa.selenium.By$ById.findElement(By.java:215)
	at org.openqa.selenium.remote.RemoteWebDriver.findElement(RemoteWebDriver.java:350)
	at io.appium.java_client.DefaultGenericMobileDriver.findElement(DefaultGenericMobileDriver.java:37)
	at io.appium.java_client.AppiumDriver.findElement(AppiumDriver.java:1)
	at io.appium.java_client.android.AndroidDriver.findElement(AndroidDriver.java:1)
	at android.workpulsetask.indexpage.NotepadIndexPage.clickonlogo(NotepadIndexPage.java:253)
	at android.workpulsetask.index.NotepadIndex.changebackgroundcolor(NotepadIndex.java:90)
	at sun.reflect.NativeMethodAccessorImpl.invoke0(Native Method)
	at sun.reflect.NativeMethodAccessorImpl.invoke(NativeMethodAccessorImpl.java:57)
	at sun.reflect.DelegatingMethodAccessorImpl.invoke(DelegatingMethodAccessorImpl.java:43)
	at java.lang.reflect.Method.invoke(Method.java:483)
	at org.testng.internal.MethodInvocationHelper.invokeMethod(MethodInvocationHelper.java:84)
	at org.testng.internal.Invoker.invokeMethod(Invoker.java:714)
	at org.testng.internal.Invoker.invokeTestMethod(Invoker.java:901)
	at org.testng.internal.Invoker.invokeTestMethods(Invoker.java:1231)
	at org.testng.internal.TestMethodWorker.invokeTestMethods(TestMethodWorker.java:127)
	at org.testng.internal.TestMethodWorker.run(TestMethodWorker.java:111)
	at org.testng.TestRunner.privateRun(TestRunner.java:767)
	at org.testng.TestRunner.run(TestRunner.java:617)
	at org.testng.SuiteRunner.runTest(SuiteRunner.java:348)
	at org.testng.SuiteRunner.access$000(SuiteRunner.java:38)
	at org.testng.SuiteRunner$SuiteWorker.run(SuiteRunner.java:382)
	at org.testng.internal.thread.ThreadUtil$2.call(ThreadUtil.java:64)
	at java.util.concurrent.FutureTask.run(FutureTask.java:266)
	at java.util.concurrent.ThreadPoolExecutor.runWorker(ThreadPoolExecutor.java:1142)
	at java.util.concurrent.ThreadPoolExecutor$Worker.run(ThreadPoolExecutor.java:617)
	at java.lang.Thread.run(Thread.java:744)
]]>
    </failure>
  </testcase> <!-- changebackgroundcolor -->
  <testcase name="createthenote" time="118.244" classname="android.workpulsetask.index.NotepadIndex">
    <failure type="org.openqa.selenium.NoSuchElementException" message="An element could not be located on the page using the given search parameters. (WARNING: The server did not provide any stacktrace information)
Command duration or timeout: 20.26 seconds
For documentation on this error, please visit: http://seleniumhq.org/exceptions/no_such_element.html
Build info: version: &#039;2.46.0&#039;, revision: &#039;61506a4624b13675f24581e453592342b7485d71&#039;, time: &#039;2015-06-04 10:22:50&#039;
System info: host: &#039;DELL-PC&#039;, ip: &#039;192.168.1.149&#039;, os.name: &#039;Windows 7&#039;, os.arch: &#039;amd64&#039;, os.version: &#039;6.1&#039;, java.version: &#039;1.8.0-ea&#039;
Driver info: io.appium.java_client.android.AndroidDriver
Capabilities [{appPackage=in.redbus.android, noReset=false, deviceName=HKE6GZ7D, platform=LINUX, deviceUDID=HKE6GZ7D, desired={app=D:\vipul\Mobile_automation\Workpulse_Automation_TestNG\app\redBus Online Bus Ticket Booking Hotel Booking_v6.6.5_apkpure.com.apk, noReset=false, newCommandTimeout=600, platformVersion=6.0, autoGrantPermissions=true, unicodeKeyboard=true, platformName=Android, deviceName=TA09407DYT, resetKeyboard=true}, newCommandTimeout=600, platformVersion=6.0, webStorageEnabled=false, takesScreenshot=true, javascriptEnabled=true, unicodeKeyboard=true, platformName=Android, deviceManufacturer=motorola, resetKeyboard=true, app=D:\vipul\Mobile_automation\Workpulse_Automation_TestNG\app\redBus Online Bus Ticket Booking Hotel Booking_v6.6.5_apkpure.com.apk, deviceScreenSize=720x1280, networkConnectionEnabled=true, warnings={}, appWaitPackage=in.redbus.android, appWaitActivity=in.redbus.android.root.SplashScreen, databaseEnabled=false, appActivity=in.redbus.android.root.SplashScreen, locationContextEnabled=false, autoGrantPermissions=true, deviceModel=XT1700}]
Session ID: 258dd5b6-b342-43fe-be86-77dceb13f270
*** Element info: {Using=id, value=ru.andrey.notepad:id/button1}">
      <![CDATA[org.openqa.selenium.NoSuchElementException: An element could not be located on the page using the given search parameters. (WARNING: The server did not provide any stacktrace information)
Command duration or timeout: 20.26 seconds
For documentation on this error, please visit: http://seleniumhq.org/exceptions/no_such_element.html
Build info: version: '2.46.0', revision: '61506a4624b13675f24581e453592342b7485d71', time: '2015-06-04 10:22:50'
System info: host: 'DELL-PC', ip: '192.168.1.149', os.name: 'Windows 7', os.arch: 'amd64', os.version: '6.1', java.version: '1.8.0-ea'
Driver info: io.appium.java_client.android.AndroidDriver
Capabilities [{appPackage=in.redbus.android, noReset=false, deviceName=HKE6GZ7D, platform=LINUX, deviceUDID=HKE6GZ7D, desired={app=D:\vipul\Mobile_automation\Workpulse_Automation_TestNG\app\redBus Online Bus Ticket Booking Hotel Booking_v6.6.5_apkpure.com.apk, noReset=false, newCommandTimeout=600, platformVersion=6.0, autoGrantPermissions=true, unicodeKeyboard=true, platformName=Android, deviceName=TA09407DYT, resetKeyboard=true}, newCommandTimeout=600, platformVersion=6.0, webStorageEnabled=false, takesScreenshot=true, javascriptEnabled=true, unicodeKeyboard=true, platformName=Android, deviceManufacturer=motorola, resetKeyboard=true, app=D:\vipul\Mobile_automation\Workpulse_Automation_TestNG\app\redBus Online Bus Ticket Booking Hotel Booking_v6.6.5_apkpure.com.apk, deviceScreenSize=720x1280, networkConnectionEnabled=true, warnings={}, appWaitPackage=in.redbus.android, appWaitActivity=in.redbus.android.root.SplashScreen, databaseEnabled=false, appActivity=in.redbus.android.root.SplashScreen, locationContextEnabled=false, autoGrantPermissions=true, deviceModel=XT1700}]
Session ID: 258dd5b6-b342-43fe-be86-77dceb13f270
*** Element info: {Using=id, value=ru.andrey.notepad:id/button1}
	at sun.reflect.NativeConstructorAccessorImpl.newInstance0(Native Method)
	at sun.reflect.NativeConstructorAccessorImpl.newInstance(NativeConstructorAccessorImpl.java:57)
	at sun.reflect.DelegatingConstructorAccessorImpl.newInstance(DelegatingConstructorAccessorImpl.java:45)
	at java.lang.reflect.Constructor.newInstance(Constructor.java:406)
	at org.openqa.selenium.remote.ErrorHandler.createThrowable(ErrorHandler.java:204)
	at org.openqa.selenium.remote.ErrorHandler.throwIfResponseFailed(ErrorHandler.java:156)
	at org.openqa.selenium.remote.RemoteWebDriver.execute(RemoteWebDriver.java:605)
	at io.appium.java_client.DefaultGenericMobileDriver.execute(DefaultGenericMobileDriver.java:27)
	at io.appium.java_client.AppiumDriver.execute(AppiumDriver.java:1)
	at io.appium.java_client.android.AndroidDriver.execute(AndroidDriver.java:1)
	at org.openqa.selenium.remote.RemoteWebDriver.findElement(RemoteWebDriver.java:358)
	at org.openqa.selenium.remote.RemoteWebDriver.findElementById(RemoteWebDriver.java:399)
	at io.appium.java_client.DefaultGenericMobileDriver.findElementById(DefaultGenericMobileDriver.java:47)
	at io.appium.java_client.AppiumDriver.findElementById(AppiumDriver.java:1)
	at io.appium.java_client.android.AndroidDriver.findElementById(AndroidDriver.java:1)
	at android.workpulsetask.indexpage.NotepadIndexPage.Clickonaddnotepadbutton(NotepadIndexPage.java:40)
	at android.workpulsetask.index.NotepadIndex.createthenote(NotepadIndex.java:23)
	at sun.reflect.NativeMethodAccessorImpl.invoke0(Native Method)
	at sun.reflect.NativeMethodAccessorImpl.invoke(NativeMethodAccessorImpl.java:57)
	at sun.reflect.DelegatingMethodAccessorImpl.invoke(DelegatingMethodAccessorImpl.java:43)
	at java.lang.reflect.Method.invoke(Method.java:483)
	at org.testng.internal.MethodInvocationHelper.invokeMethod(MethodInvocationHelper.java:84)
	at org.testng.internal.Invoker.invokeMethod(Invoker.java:714)
	at org.testng.internal.Invoker.invokeTestMethod(Invoker.java:901)
	at org.testng.internal.Invoker.invokeTestMethods(Invoker.java:1231)
	at org.testng.internal.TestMethodWorker.invokeTestMethods(TestMethodWorker.java:127)
	at org.testng.internal.TestMethodWorker.run(TestMethodWorker.java:111)
	at org.testng.TestRunner.privateRun(TestRunner.java:767)
	at org.testng.TestRunner.run(TestRunner.java:617)
	at org.testng.SuiteRunner.runTest(SuiteRunner.java:348)
	at org.testng.SuiteRunner.access$000(SuiteRunner.java:38)
	at org.testng.SuiteRunner$SuiteWorker.run(SuiteRunner.java:382)
	at org.testng.internal.thread.ThreadUtil$2.call(ThreadUtil.java:64)
	at java.util.concurrent.FutureTask.run(FutureTask.java:266)
	at java.util.concurrent.ThreadPoolExecutor.runWorker(ThreadPoolExecutor.java:1142)
	at java.util.concurrent.ThreadPoolExecutor$Worker.run(ThreadPoolExecutor.java:617)
	at java.lang.Thread.run(Thread.java:744)
]]>
    </failure>
  </testcase> <!-- createthenote -->
</testsuite> <!-- android.workpulsetask.index.NotepadIndex -->
