<?xml version="1.0" encoding="UTF-8"?>
<!-- Generated by org.testng.reporters.JUnitReportReporter -->
<testsuite hostname="DELL-PC" name="android.workpulsetask.index.RedBusIndex" tests="1" failures="0" timestamp="21 Sep 2018 11:02:04 GMT" time="174.044" errors="0">
  <testcase name="SignupwithRedBus" time="174.044" classname="android.workpulsetask.index.RedBusIndex"/>
</testsuite> <!-- android.workpulsetask.index.RedBusIndex -->
