<?xml version="1.0" encoding="UTF-8"?>
<!-- Generated by org.testng.reporters.JUnitReportReporter -->
<testsuite hostname="Ankit-PC" name="android.workpulsetask.index.CountTaskIndex" tests="2" failures="0" timestamp="15 Aug 2018 09:01:33 GMT" time="316.944" errors="0">
  <testcase name="Count_Task_01" time="158.730" classname="android.workpulsetask.index.CountTaskIndex"/>
  <testcase name="Count_Unread_01" time="158.214" classname="android.workpulsetask.index.CountTaskIndex"/>
</testsuite> <!-- android.workpulsetask.index.CountTaskIndex -->
