<?xml version="1.0" encoding="UTF-8"?>
<!-- Generated by org.testng.reporters.JUnitReportReporter -->
<testsuite hostname="Ankit-PC" name="android.workpulsetask.index.AddNoteIndex" tests="1" failures="0" timestamp="15 Aug 2018 09:01:33 GMT" time="155.279" errors="0">
  <testcase name="Add_Notes_01" time="155.279" classname="android.workpulsetask.index.AddNoteIndex"/>
</testsuite> <!-- android.workpulsetask.index.AddNoteIndex -->
