<?xml version="1.0" encoding="UTF-8"?>
<!-- Generated by org.testng.reporters.JUnitReportReporter -->
<testsuite hostname="DELL-PC" name="android.workpulsetask.index.NotepadIndex" tests="2" failures="0" timestamp="6 Sep 2018 05:56:40 GMT" time="230.333" errors="0">
  <testcase name="changebackgroundcolor" time="53.810" classname="android.workpulsetask.index.NotepadIndex"/>
  <testcase name="createthenote" time="176.523" classname="android.workpulsetask.index.NotepadIndex"/>
</testsuite> <!-- android.workpulsetask.index.NotepadIndex -->
