<?xml version="1.0" encoding="UTF-8"?>
<!-- Generated by org.testng.reporters.JUnitReportReporter -->
<testsuite hostname="Ankit-PC" name="android.workpulsetask.index.AvailableOptionsIndex" tests="1" failures="0" timestamp="15 Aug 2018 09:53:00 GMT" time="515.988" errors="0">
  <testcase name="Closed_02" time="515.988" classname="android.workpulsetask.index.AvailableOptionsIndex"/>
</testsuite> <!-- android.workpulsetask.index.AvailableOptionsIndex -->
