<?xml version="1.0" encoding="UTF-8"?>
<!-- Generated by org.testng.reporters.JUnitReportReporter -->
<testsuite hostname="Ankit-PC" name="android.workpulsetask.index.AssignFilterIndex" tests="1" failures="0" timestamp="15 Aug 2018 09:01:33 GMT" time="191.207" errors="0">
  <testcase name="Assign_Task_01" time="191.207" classname="android.workpulsetask.index.AssignFilterIndex"/>
</testsuite> <!-- android.workpulsetask.index.AssignFilterIndex -->
