<?xml version="1.0" encoding="UTF-8"?>
<!-- Generated by org.testng.reporters.JUnitReportReporter -->
<testsuite hostname="DELL-PC" name="android.workpulsetask.index.NotepadIndex" tests="2" failures="0" timestamp="21 Sep 2018 06:05:09 GMT" time="368.317" errors="0">
  <testcase name="changebackgroundcolor" time="79.005" classname="android.workpulsetask.index.NotepadIndex"/>
  <testcase name="createthenote" time="289.312" classname="android.workpulsetask.index.NotepadIndex"/>
</testsuite> <!-- android.workpulsetask.index.NotepadIndex -->
