<?xml version="1.0" encoding="UTF-8"?>
<!-- Generated by org.testng.reporters.JUnitReportReporter -->
<testsuite hostname="Ankit-PC" name="android.workpulsetask.index.PortalIndex" tests="1" failures="0" timestamp="15 Aug 2018 10:37:05 GMT" time="181.401" errors="0">
  <testcase name="Open_Task_05" time="181.401" classname="android.workpulsetask.index.PortalIndex"/>
</testsuite> <!-- android.workpulsetask.index.PortalIndex -->
