<?xml version="1.0" encoding="UTF-8"?>
<!-- Generated by org.testng.reporters.JUnitReportReporter -->
<testsuite hostname="Ankit-PC" name="android.workpulsetask.index.ChangeStatusIndex" tests="3" failures="0" timestamp="15 Aug 2018 10:15:15 GMT" time="1322.021" errors="0">
  <testcase name="Change_Status_03" time="461.348" classname="android.workpulsetask.index.ChangeStatusIndex"/>
  <testcase name="Change_Status_01" time="402.976" classname="android.workpulsetask.index.ChangeStatusIndex"/>
  <testcase name="Change_Status_02" time="457.697" classname="android.workpulsetask.index.ChangeStatusIndex"/>
</testsuite> <!-- android.workpulsetask.index.ChangeStatusIndex -->
